# JRE version: Java(TM) SE Runtime Environment (13.0.2+8) (build 13.0.2+8)
# Java VM: Java HotSpot(TM) 64-Bit Server VM (13.0.2+8, mixed mode, sharing, tiered, compressed oops, g1 gc, windows-amd64)
Heap:
 garbage-first heap   total 163840K, used 96445K [0x00000000ed400000, 0x0000000100000000)
  region size 1024K, 3 young (3072K), 1 survivors (1024K)
 Metaspace       used 5327K, capacity 6109K, committed 6400K, reserved 1056768K
  class space    used 604K, capacity 722K, committed 768K, reserved 1048576K
GC Heap History (20 events):
Event: 4.114 GC heap before
{Heap before GC invocations=27 (full 0):
 garbage-first heap   total 132096K, used 116158K [0x00000000ed400000, 0x0000000100000000)
  region size 1024K, 42 young (43008K), 1 survivors (1024K)
 Metaspace       used 2952K, capacity 5003K, committed 5248K, reserved 1056768K
  class space    used 316K, capacity 527K, committed 640K, reserved 1048576K
}
Event: 4.115 GC heap after
{Heap after GC invocations=28 (full 0):
 garbage-first heap   total 132096K, used 74173K [0x00000000ed400000, 0x0000000100000000)
  region size 1024K, 0 young (0K), 0 survivors (0K)
 Metaspace       used 2952K, capacity 5003K, committed 5248K, reserved 1056768K
  class space    used 316K, capacity 527K, committed 640K, reserved 1048576K
}
Event: 4.224 GC heap before
{Heap before GC invocations=29 (full 0):
 garbage-first heap   total 132096K, used 117181K [0x00000000ed400000, 0x0000000100000000)
  region size 1024K, 42 young (43008K), 0 survivors (0K)
 Metaspace       used 2952K, capacity 5003K, committed 5248K, reserved 1056768K
  class space    used 316K, capacity 527K, committed 640K, reserved 1048576K
}
Event: 4.224 GC heap after
{Heap after GC invocations=30 (full 0):
 garbage-first heap   total 132096K, used 74175K [0x00000000ed400000, 0x0000000100000000)
  region size 1024K, 1 young (1024K), 1 survivors (1024K)
 Metaspace       used 2952K, capacity 5003K, committed 5248K, reserved 1056768K
  class space    used 316K, capacity 527K, committed 640K, reserved 1048576K
}
Event: 4.337 GC heap before
{Heap before GC invocations=30 (full 0):
 garbage-first heap   total 132096K, used 116159K [0x00000000ed400000, 0x0000000100000000)
  region size 1024K, 42 young (43008K), 1 survivors (1024K)
 Metaspace       used 2952K, capacity 5003K, committed 5248K, reserved 1056768K
  class space    used 316K, capacity 527K, committed 640K, reserved 1048576K
}
Event: 4.337 GC heap after
{Heap after GC invocations=31 (full 0):
 garbage-first heap   total 132096K, used 74175K [0x00000000ed400000, 0x0000000100000000)
  region size 1024K, 1 young (1024K), 1 survivors (1024K)
 Metaspace       used 2952K, capacity 5003K, committed 5248K, reserved 1056768K
  class space    used 316K, capacity 527K, committed 640K, reserved 1048576K
}
Event: 4.444 GC heap before
{Heap before GC invocations=32 (full 0):
 garbage-first heap   total 132096K, used 116159K [0x00000000ed400000, 0x0000000100000000)
  region size 1024K, 42 young (43008K), 1 survivors (1024K)
 Metaspace       used 2952K, capacity 5003K, committed 5248K, reserved 1056768K
  class space    used 316K, capacity 527K, committed 640K, reserved 1048576K
}
Event: 4.444 GC heap after
{Heap after GC invocations=33 (full 0):
 garbage-first heap   total 132096K, used 74175K [0x00000000ed400000, 0x0000000100000000)
  region size 1024K, 1 young (1024K), 1 survivors (1024K)
 Metaspace       used 2952K, capacity 5003K, committed 5248K, reserved 1056768K
  class space    used 316K, capacity 527K, committed 640K, reserved 1048576K
}
Event: 4.547 GC heap before
{Heap before GC invocations=33 (full 0):
 garbage-first heap   total 132096K, used 116159K [0x00000000ed400000, 0x0000000100000000)
  region size 1024K, 42 young (43008K), 1 survivors (1024K)
 Metaspace       used 2952K, capacity 5003K, committed 5248K, reserved 1056768K
  class space    used 316K, capacity 527K, committed 640K, reserved 1048576K
}
Event: 4.548 GC heap after
{Heap after GC invocations=34 (full 0):
 garbage-first heap   total 132096K, used 74175K [0x00000000ed400000, 0x0000000100000000)
  region size 1024K, 1 young (1024K), 1 survivors (1024K)
 Metaspace       used 2952K, capacity 5003K, committed 5248K, reserved 1056768K
  class space    used 316K, capacity 527K, committed 640K, reserved 1048576K
}
Event: 4.666 GC heap before
{Heap before GC invocations=35 (full 0):
 garbage-first heap   total 132096K, used 116159K [0x00000000ed400000, 0x0000000100000000)
  region size 1024K, 42 young (43008K), 1 survivors (1024K)
 Metaspace       used 2952K, capacity 5003K, committed 5248K, reserved 1056768K
  class space    used 316K, capacity 527K, committed 640K, reserved 1048576K
}
Event: 4.667 GC heap after
{Heap after GC invocations=36 (full 0):
 garbage-first heap   total 132096K, used 74173K [0x00000000ed400000, 0x0000000100000000)
  region size 1024K, 0 young (0K), 0 survivors (0K)
 Metaspace       used 2952K, capacity 5003K, committed 5248K, reserved 1056768K
  class space    used 316K, capacity 527K, committed 640K, reserved 1048576K
}
Event: 4.764 GC heap before
{Heap before GC invocations=36 (full 0):
 garbage-first heap   total 132096K, used 117181K [0x00000000ed400000, 0x0000000100000000)
  region size 1024K, 42 young (43008K), 0 survivors (0K)
 Metaspace       used 2952K, capacity 5003K, committed 5248K, reserved 1056768K
  class space    used 316K, capacity 527K, committed 640K, reserved 1048576K
}
Event: 4.765 GC heap after
{Heap after GC invocations=37 (full 0):
 garbage-first heap   total 132096K, used 74175K [0x00000000ed400000, 0x0000000100000000)
  region size 1024K, 1 young (1024K), 1 survivors (1024K)
 Metaspace       used 2952K, capacity 5003K, committed 5248K, reserved 1056768K
  class space    used 316K, capacity 527K, committed 640K, reserved 1048576K
}
Event: 4.914 GC heap before
{Heap before GC invocations=38 (full 0):
 garbage-first heap   total 132096K, used 116159K [0x00000000ed400000, 0x0000000100000000)
  region size 1024K, 42 young (43008K), 1 survivors (1024K)
 Metaspace       used 3428K, capacity 5318K, committed 5504K, reserved 1056768K
  class space    used 365K, capacity 569K, committed 640K, reserved 1048576K
}
Event: 4.915 GC heap after
{Heap after GC invocations=39 (full 0):
 garbage-first heap   total 132096K, used 74255K [0x00000000ed400000, 0x0000000100000000)
  region size 1024K, 1 young (1024K), 1 survivors (1024K)
 Metaspace       used 3428K, capacity 5318K, committed 5504K, reserved 1056768K
  class space    used 365K, capacity 569K, committed 640K, reserved 1048576K
}
Event: 14.796 GC heap before
{Heap before GC invocations=39 (full 0):
 garbage-first heap   total 132096K, used 79375K [0x00000000ed400000, 0x0000000100000000)
  region size 1024K, 7 young (7168K), 1 survivors (1024K)
 Metaspace       used 5240K, capacity 6032K, committed 6144K, reserved 1056768K
  class space    used 595K, capacity 716K, committed 768K, reserved 1048576K
}
Event: 14.798 GC heap after
{Heap after GC invocations=40 (full 0):
 garbage-first heap   total 132096K, used 74729K [0x00000000ed400000, 0x0000000100000000)
  region size 1024K, 1 young (1024K), 1 survivors (1024K)
 Metaspace       used 5240K, capacity 6032K, committed 6144K, reserved 1056768K
  class space    used 595K, capacity 716K, committed 768K, reserved 1048576K
}
Event: 14.821 GC heap before
{Heap before GC invocations=41 (full 0):
 garbage-first heap   total 157696K, used 100329K [0x00000000ed400000, 0x0000000100000000)
  region size 1024K, 3 young (3072K), 1 survivors (1024K)
 Metaspace       used 5280K, capacity 6034K, committed 6144K, reserved 1056768K
  class space    used 600K, capacity 718K, committed 768K, reserved 1048576K
}
Event: 14.823 GC heap after
{Heap after GC invocations=42 (full 0):
 garbage-first heap   total 157696K, used 85181K [0x00000000ed400000, 0x0000000100000000)
  region size 1024K, 1 young (1024K), 1 survivors (1024K)
 Metaspace       used 5280K, capacity 6034K, committed 6144K, reserved 1056768K
  class space    used 600K, capacity 718K, committed 768K, reserved 1048576K
}

