# JRE version: Java(TM) SE Runtime Environment (13.0.2+8) (build 13.0.2+8)
# Java VM: Java HotSpot(TM) 64-Bit Server VM (13.0.2+8, mixed mode, sharing, tiered, compressed oops, g1 gc, windows-amd64)
Heap:
 garbage-first heap   total 157696K, used 102526K [0x00000000ed400000, 0x0000000100000000)
  region size 1024K, 3 young (3072K), 1 survivors (1024K)
 Metaspace       used 5283K, capacity 6040K, committed 6144K, reserved 1056768K
  class space    used 601K, capacity 719K, committed 768K, reserved 1048576K
GC Heap History (20 events):
Event: 4.003 GC heap before
{Heap before GC invocations=27 (full 0):
 garbage-first heap   total 132096K, used 116106K [0x00000000ed400000, 0x0000000100000000)
  region size 1024K, 42 young (43008K), 1 survivors (1024K)
 Metaspace       used 2944K, capacity 5003K, committed 5248K, reserved 1056768K
  class space    used 316K, capacity 527K, committed 640K, reserved 1048576K
}
Event: 4.004 GC heap after
{Heap after GC invocations=28 (full 0):
 garbage-first heap   total 132096K, used 74123K [0x00000000ed400000, 0x0000000100000000)
  region size 1024K, 1 young (1024K), 1 survivors (1024K)
 Metaspace       used 2944K, capacity 5003K, committed 5248K, reserved 1056768K
  class space    used 316K, capacity 527K, committed 640K, reserved 1048576K
}
Event: 4.143 GC heap before
{Heap before GC invocations=29 (full 0):
 garbage-first heap   total 132096K, used 116107K [0x00000000ed400000, 0x0000000100000000)
  region size 1024K, 42 young (43008K), 1 survivors (1024K)
 Metaspace       used 2944K, capacity 5003K, committed 5248K, reserved 1056768K
  class space    used 316K, capacity 527K, committed 640K, reserved 1048576K
}
Event: 4.144 GC heap after
{Heap after GC invocations=30 (full 0):
 garbage-first heap   total 132096K, used 74123K [0x00000000ed400000, 0x0000000100000000)
  region size 1024K, 1 young (1024K), 1 survivors (1024K)
 Metaspace       used 2944K, capacity 5003K, committed 5248K, reserved 1056768K
  class space    used 316K, capacity 527K, committed 640K, reserved 1048576K
}
Event: 4.232 GC heap before
{Heap before GC invocations=30 (full 0):
 garbage-first heap   total 132096K, used 116107K [0x00000000ed400000, 0x0000000100000000)
  region size 1024K, 42 young (43008K), 1 survivors (1024K)
 Metaspace       used 2944K, capacity 5003K, committed 5248K, reserved 1056768K
  class space    used 316K, capacity 527K, committed 640K, reserved 1048576K
}
Event: 4.233 GC heap after
{Heap after GC invocations=31 (full 0):
 garbage-first heap   total 132096K, used 74121K [0x00000000ed400000, 0x0000000100000000)
  region size 1024K, 0 young (0K), 0 survivors (0K)
 Metaspace       used 2944K, capacity 5003K, committed 5248K, reserved 1056768K
  class space    used 316K, capacity 527K, committed 640K, reserved 1048576K
}
Event: 4.325 GC heap before
{Heap before GC invocations=32 (full 0):
 garbage-first heap   total 132096K, used 117129K [0x00000000ed400000, 0x0000000100000000)
  region size 1024K, 42 young (43008K), 0 survivors (0K)
 Metaspace       used 2944K, capacity 5003K, committed 5248K, reserved 1056768K
  class space    used 316K, capacity 527K, committed 640K, reserved 1048576K
}
Event: 4.325 GC heap after
{Heap after GC invocations=33 (full 0):
 garbage-first heap   total 132096K, used 74123K [0x00000000ed400000, 0x0000000100000000)
  region size 1024K, 1 young (1024K), 1 survivors (1024K)
 Metaspace       used 2944K, capacity 5003K, committed 5248K, reserved 1056768K
  class space    used 316K, capacity 527K, committed 640K, reserved 1048576K
}
Event: 4.422 GC heap before
{Heap before GC invocations=33 (full 0):
 garbage-first heap   total 132096K, used 116107K [0x00000000ed400000, 0x0000000100000000)
  region size 1024K, 42 young (43008K), 1 survivors (1024K)
 Metaspace       used 2944K, capacity 5003K, committed 5248K, reserved 1056768K
  class space    used 316K, capacity 527K, committed 640K, reserved 1048576K
}
Event: 4.422 GC heap after
{Heap after GC invocations=34 (full 0):
 garbage-first heap   total 132096K, used 74123K [0x00000000ed400000, 0x0000000100000000)
  region size 1024K, 1 young (1024K), 1 survivors (1024K)
 Metaspace       used 2944K, capacity 5003K, committed 5248K, reserved 1056768K
  class space    used 316K, capacity 527K, committed 640K, reserved 1048576K
}
Event: 4.502 GC heap before
{Heap before GC invocations=35 (full 0):
 garbage-first heap   total 132096K, used 116107K [0x00000000ed400000, 0x0000000100000000)
  region size 1024K, 42 young (43008K), 1 survivors (1024K)
 Metaspace       used 2944K, capacity 5003K, committed 5248K, reserved 1056768K
  class space    used 316K, capacity 527K, committed 640K, reserved 1048576K
}
Event: 4.502 GC heap after
{Heap after GC invocations=36 (full 0):
 garbage-first heap   total 132096K, used 74123K [0x00000000ed400000, 0x0000000100000000)
  region size 1024K, 1 young (1024K), 1 survivors (1024K)
 Metaspace       used 2944K, capacity 5003K, committed 5248K, reserved 1056768K
  class space    used 316K, capacity 527K, committed 640K, reserved 1048576K
}
Event: 4.581 GC heap before
{Heap before GC invocations=36 (full 0):
 garbage-first heap   total 132096K, used 116107K [0x00000000ed400000, 0x0000000100000000)
  region size 1024K, 42 young (43008K), 1 survivors (1024K)
 Metaspace       used 2944K, capacity 5003K, committed 5248K, reserved 1056768K
  class space    used 316K, capacity 527K, committed 640K, reserved 1048576K
}
Event: 4.582 GC heap after
{Heap after GC invocations=37 (full 0):
 garbage-first heap   total 132096K, used 74123K [0x00000000ed400000, 0x0000000100000000)
  region size 1024K, 1 young (1024K), 1 survivors (1024K)
 Metaspace       used 2944K, capacity 5003K, committed 5248K, reserved 1056768K
  class space    used 316K, capacity 527K, committed 640K, reserved 1048576K
}
Event: 4.672 GC heap before
{Heap before GC invocations=38 (full 0):
 garbage-first heap   total 132096K, used 116107K [0x00000000ed400000, 0x0000000100000000)
  region size 1024K, 42 young (43008K), 1 survivors (1024K)
 Metaspace       used 2944K, capacity 5003K, committed 5248K, reserved 1056768K
  class space    used 316K, capacity 527K, committed 640K, reserved 1048576K
}
Event: 4.672 GC heap after
{Heap after GC invocations=39 (full 0):
 garbage-first heap   total 132096K, used 74123K [0x00000000ed400000, 0x0000000100000000)
  region size 1024K, 1 young (1024K), 1 survivors (1024K)
 Metaspace       used 2944K, capacity 5003K, committed 5248K, reserved 1056768K
  class space    used 316K, capacity 527K, committed 640K, reserved 1048576K
}
Event: 19.303 GC heap before
{Heap before GC invocations=39 (full 0):
 garbage-first heap   total 132096K, used 81291K [0x00000000ed400000, 0x0000000100000000)
  region size 1024K, 9 young (9216K), 1 survivors (1024K)
 Metaspace       used 5235K, capacity 6032K, committed 6144K, reserved 1056768K
  class space    used 595K, capacity 716K, committed 768K, reserved 1048576K
}
Event: 19.305 GC heap after
{Heap after GC invocations=40 (full 0):
 garbage-first heap   total 132096K, used 74687K [0x00000000ed400000, 0x0000000100000000)
  region size 1024K, 1 young (1024K), 1 survivors (1024K)
 Metaspace       used 5235K, capacity 6032K, committed 6144K, reserved 1056768K
  class space    used 595K, capacity 716K, committed 768K, reserved 1048576K
}
Event: 19.324 GC heap before
{Heap before GC invocations=41 (full 0):
 garbage-first heap   total 157696K, used 100287K [0x00000000ed400000, 0x0000000100000000)
  region size 1024K, 3 young (3072K), 1 survivors (1024K)
 Metaspace       used 5270K, capacity 6034K, committed 6144K, reserved 1056768K
  class space    used 600K, capacity 718K, committed 768K, reserved 1048576K
}
Event: 19.326 GC heap after
{Heap after GC invocations=42 (full 0):
 garbage-first heap   total 157696K, used 85118K [0x00000000ed400000, 0x0000000100000000)
  region size 1024K, 1 young (1024K), 1 survivors (1024K)
 Metaspace       used 5270K, capacity 6034K, committed 6144K, reserved 1056768K
  class space    used 600K, capacity 718K, committed 768K, reserved 1048576K
}

