# JRE version: Java(TM) SE Runtime Environment (13.0.2+8) (build 13.0.2+8)
# Java VM: Java HotSpot(TM) 64-Bit Server VM (13.0.2+8, mixed mode, sharing, tiered, compressed oops, g1 gc, windows-amd64)
Heap:
 garbage-first heap   total 173056K, used 91322K [0x00000000ed400000, 0x0000000100000000)
  region size 1024K, 2 young (2048K), 1 survivors (1024K)
 Metaspace       used 5312K, capacity 6104K, committed 6400K, reserved 1056768K
  class space    used 601K, capacity 719K, committed 768K, reserved 1048576K
GC Heap History (20 events):
Event: 3.620 GC heap before
{Heap before GC invocations=29 (full 0):
 garbage-first heap   total 132096K, used 117114K [0x00000000ed400000, 0x0000000100000000)
  region size 1024K, 42 young (43008K), 0 survivors (0K)
 Metaspace       used 2945K, capacity 5003K, committed 5248K, reserved 1056768K
  class space    used 316K, capacity 527K, committed 640K, reserved 1048576K
}
Event: 3.620 GC heap after
{Heap after GC invocations=30 (full 0):
 garbage-first heap   total 132096K, used 74108K [0x00000000ed400000, 0x0000000100000000)
  region size 1024K, 1 young (1024K), 1 survivors (1024K)
 Metaspace       used 2945K, capacity 5003K, committed 5248K, reserved 1056768K
  class space    used 316K, capacity 527K, committed 640K, reserved 1048576K
}
Event: 3.700 GC heap before
{Heap before GC invocations=30 (full 0):
 garbage-first heap   total 132096K, used 116092K [0x00000000ed400000, 0x0000000100000000)
  region size 1024K, 42 young (43008K), 1 survivors (1024K)
 Metaspace       used 2945K, capacity 5003K, committed 5248K, reserved 1056768K
  class space    used 316K, capacity 527K, committed 640K, reserved 1048576K
}
Event: 3.701 GC heap after
{Heap after GC invocations=31 (full 0):
 garbage-first heap   total 132096K, used 74108K [0x00000000ed400000, 0x0000000100000000)
  region size 1024K, 1 young (1024K), 1 survivors (1024K)
 Metaspace       used 2945K, capacity 5003K, committed 5248K, reserved 1056768K
  class space    used 316K, capacity 527K, committed 640K, reserved 1048576K
}
Event: 3.778 GC heap before
{Heap before GC invocations=32 (full 0):
 garbage-first heap   total 132096K, used 116092K [0x00000000ed400000, 0x0000000100000000)
  region size 1024K, 42 young (43008K), 1 survivors (1024K)
 Metaspace       used 2945K, capacity 5003K, committed 5248K, reserved 1056768K
  class space    used 316K, capacity 527K, committed 640K, reserved 1048576K
}
Event: 3.778 GC heap after
{Heap after GC invocations=33 (full 0):
 garbage-first heap   total 132096K, used 74108K [0x00000000ed400000, 0x0000000100000000)
  region size 1024K, 1 young (1024K), 1 survivors (1024K)
 Metaspace       used 2945K, capacity 5003K, committed 5248K, reserved 1056768K
  class space    used 316K, capacity 527K, committed 640K, reserved 1048576K
}
Event: 3.870 GC heap before
{Heap before GC invocations=33 (full 0):
 garbage-first heap   total 132096K, used 116092K [0x00000000ed400000, 0x0000000100000000)
  region size 1024K, 42 young (43008K), 1 survivors (1024K)
 Metaspace       used 2945K, capacity 5003K, committed 5248K, reserved 1056768K
  class space    used 316K, capacity 527K, committed 640K, reserved 1048576K
}
Event: 3.871 GC heap after
{Heap after GC invocations=34 (full 0):
 garbage-first heap   total 132096K, used 74108K [0x00000000ed400000, 0x0000000100000000)
  region size 1024K, 1 young (1024K), 1 survivors (1024K)
 Metaspace       used 2945K, capacity 5003K, committed 5248K, reserved 1056768K
  class space    used 316K, capacity 527K, committed 640K, reserved 1048576K
}
Event: 3.957 GC heap before
{Heap before GC invocations=35 (full 0):
 garbage-first heap   total 132096K, used 116092K [0x00000000ed400000, 0x0000000100000000)
  region size 1024K, 42 young (43008K), 1 survivors (1024K)
 Metaspace       used 2945K, capacity 5003K, committed 5248K, reserved 1056768K
  class space    used 316K, capacity 527K, committed 640K, reserved 1048576K
}
Event: 3.958 GC heap after
{Heap after GC invocations=36 (full 0):
 garbage-first heap   total 132096K, used 74106K [0x00000000ed400000, 0x0000000100000000)
  region size 1024K, 0 young (0K), 0 survivors (0K)
 Metaspace       used 2945K, capacity 5003K, committed 5248K, reserved 1056768K
  class space    used 316K, capacity 527K, committed 640K, reserved 1048576K
}
Event: 4.073 GC heap before
{Heap before GC invocations=36 (full 0):
 garbage-first heap   total 132096K, used 117114K [0x00000000ed400000, 0x0000000100000000)
  region size 1024K, 42 young (43008K), 0 survivors (0K)
 Metaspace       used 2945K, capacity 5003K, committed 5248K, reserved 1056768K
  class space    used 316K, capacity 527K, committed 640K, reserved 1048576K
}
Event: 4.074 GC heap after
{Heap after GC invocations=37 (full 0):
 garbage-first heap   total 132096K, used 74108K [0x00000000ed400000, 0x0000000100000000)
  region size 1024K, 1 young (1024K), 1 survivors (1024K)
 Metaspace       used 2945K, capacity 5003K, committed 5248K, reserved 1056768K
  class space    used 316K, capacity 527K, committed 640K, reserved 1048576K
}
Event: 4.219 GC heap before
{Heap before GC invocations=38 (full 0):
 garbage-first heap   total 132096K, used 116092K [0x00000000ed400000, 0x0000000100000000)
  region size 1024K, 42 young (43008K), 1 survivors (1024K)
 Metaspace       used 3429K, capacity 5318K, committed 5504K, reserved 1056768K
  class space    used 365K, capacity 569K, committed 640K, reserved 1048576K
}
Event: 4.220 GC heap after
{Heap after GC invocations=39 (full 0):
 garbage-first heap   total 132096K, used 74185K [0x00000000ed400000, 0x0000000100000000)
  region size 1024K, 1 young (1024K), 1 survivors (1024K)
 Metaspace       used 3429K, capacity 5318K, committed 5504K, reserved 1056768K
  class space    used 365K, capacity 569K, committed 640K, reserved 1048576K
}
Event: 12.128 GC heap before
{Heap before GC invocations=39 (full 0):
 garbage-first heap   total 132096K, used 79305K [0x00000000ed400000, 0x0000000100000000)
  region size 1024K, 7 young (7168K), 1 survivors (1024K)
 Metaspace       used 5240K, capacity 6032K, committed 6144K, reserved 1056768K
  class space    used 595K, capacity 716K, committed 768K, reserved 1048576K
}
Event: 12.130 GC heap after
{Heap after GC invocations=40 (full 0):
 garbage-first heap   total 132096K, used 74664K [0x00000000ed400000, 0x0000000100000000)
  region size 1024K, 1 young (1024K), 1 survivors (1024K)
 Metaspace       used 5240K, capacity 6032K, committed 6144K, reserved 1056768K
  class space    used 595K, capacity 716K, committed 768K, reserved 1048576K
}
Event: 12.162 GC heap before
{Heap before GC invocations=41 (full 0):
 garbage-first heap   total 140288K, used 101288K [0x00000000ed400000, 0x0000000100000000)
  region size 1024K, 3 young (3072K), 1 survivors (1024K)
 Metaspace       used 5277K, capacity 6034K, committed 6144K, reserved 1056768K
  class space    used 600K, capacity 718K, committed 768K, reserved 1048576K
}
Event: 12.164 GC heap after
{Heap after GC invocations=42 (full 0):
 garbage-first heap   total 140288K, used 89203K [0x00000000ed400000, 0x0000000100000000)
  region size 1024K, 1 young (1024K), 1 survivors (1024K)
 Metaspace       used 5277K, capacity 6034K, committed 6144K, reserved 1056768K
  class space    used 600K, capacity 718K, committed 768K, reserved 1048576K
}
Event: 12.179 GC heap before
{Heap before GC invocations=43 (full 0):
 garbage-first heap   total 173056K, used 103539K [0x00000000ed400000, 0x0000000100000000)
  region size 1024K, 2 young (2048K), 1 survivors (1024K)
 Metaspace       used 5300K, capacity 6104K, committed 6400K, reserved 1056768K
  class space    used 601K, capacity 719K, committed 768K, reserved 1048576K
}
Event: 12.181 GC heap after
{Heap after GC invocations=44 (full 0):
 garbage-first heap   total 173056K, used 85178K [0x00000000ed400000, 0x0000000100000000)
  region size 1024K, 1 young (1024K), 1 survivors (1024K)
 Metaspace       used 5300K, capacity 6104K, committed 6400K, reserved 1056768K
  class space    used 601K, capacity 719K, committed 768K, reserved 1048576K
}

